#
# A fatal error has been detected by the Java Runtime Environment:
#
#  Internal Error (javaClasses.cpp:126), pid=3764, tid=3264
#  fatal error: Invalid layout of preloaded class
#
# JRE version:  (8.0_25-b18) (build )
# Java VM: Java HotSpot(TM) Client VM (25.25-b02 mixed mode windows-x86 )
# Failed to write core dump. Minidumps are not enabled by default on client versions of Windows
#
# If you would like to submit a bug report, please visit:
#   http://bugreport.sun.com/bugreport/crash.jsp
#

---------------  T H R E A D  ---------------

Current thread (0x00b0c400):  JavaThread "Unknown thread" [_thread_in_vm, id=3264, stack(0x009c0000,0x00a10000)]

Stack: [0x009c0000,0x00a10000],  sp=0x00a0f570,  free space=317k
Native frames: (J=compiled Java code, j=interpreted, Vv=VM code, C=native code)
V  [jvm.dll+0x19796b]
V  [jvm.dll+0x1908e6]
V  [jvm.dll+0x3b4e9]
V  [jvm.dll+0x3b69e]
V  [jvm.dll+0x4a063]
V  [jvm.dll+0x9dc8e]
V  [jvm.dll+0x9df52]
V  [jvm.dll+0x145a01]
V  [jvm.dll+0x169ab8]
V  [jvm.dll+0xdaea1]
C  [javaw.exe+0x13e4]
C  [javaw.exe+0x1eb7]
C  [javaw.exe+0xaba1]
C  [javaw.exe+0xac2b]
C  [kernel32.dll+0x4ed5c]
C  [ntdll.dll+0x637eb]
C  [ntdll.dll+0x637be]
C  0x00000000


---------------  P R O C E S S  ---------------

Java Threads: ( => current thread )

Other Threads:

=>0x00b0c400 (exited) JavaThread "Unknown thread" [_thread_in_vm, id=3264, stack(0x009c0000,0x00a10000)]

VM state:not at safepoint (not fully initialized)

VM Mutex/Monitor currently owned by a thread: None

GC Heap History (0 events):
No events

Deoptimization events (0 events):
No events

Internal exceptions (0 events):
No events

Events (10 events):
Event: 0.007 loading class java/lang/CharSequence done
Event: 0.007 loading class java/lang/String done
Event: 0.007 loading class java/lang/Class
Event: 0.008 loading class java/lang/reflect/AnnotatedElement
Event: 0.008 loading class java/lang/reflect/AnnotatedElement done
Event: 0.008 loading class java/lang/reflect/GenericDeclaration
Event: 0.008 loading class java/lang/reflect/GenericDeclaration done
Event: 0.008 loading class java/lang/reflect/Type
Event: 0.008 loading class java/lang/reflect/Type done
Event: 0.008 loading class java/lang/Class done


Dynamic libraries:
0x00b10000 - 0x00b40000 	C:\Program Files\Java\jre1.8.0_25\bin\javaw.exe
0x77ab0000 - 0x77bec000 	C:\Windows\SYSTEM32\ntdll.dll
0x75f70000 - 0x76044000 	C:\Windows\system32\kernel32.dll
0x75cc0000 - 0x75d0b000 	C:\Windows\system32\KERNELBASE.dll
0x77610000 - 0x776b0000 	C:\Windows\system32\ADVAPI32.dll
0x77310000 - 0x773bc000 	C:\Windows\system32\msvcrt.dll
0x77190000 - 0x771a9000 	C:\Windows\SYSTEM32\sechost.dll
0x773e0000 - 0x77482000 	C:\Windows\system32\RPCRT4.dll
0x779e0000 - 0x77aa9000 	C:\Windows\system32\USER32.dll
0x77910000 - 0x7795e000 	C:\Windows\system32\GDI32.dll
0x773c0000 - 0x773ca000 	C:\Windows\system32\LPK.dll
0x77870000 - 0x7790d000 	C:\Windows\system32\USP10.dll
0x74bc0000 - 0x74d5e000 	C:\Windows\WinSxS\x86_microsoft.windows.common-controls_6595b64144ccf1df_6.0.7601.17514_none_41e6975e2bd6f2b2\COMCTL32.dll
0x775b0000 - 0x77607000 	C:\Windows\system32\SHLWAPI.dll
0x75f50000 - 0x75f6f000 	C:\Windows\system32\IMM32.DLL
0x76050000 - 0x7611c000 	C:\Windows\system32\MSCTF.dll
0x5ad90000 - 0x5ae4f000 	C:\Program Files\Java\jre1.8.0_25\bin\msvcr100.dll
0x68b80000 - 0x68f24000 	C:\Program Files\Java\jre1.8.0_25\bin\client\jvm.dll
0x6f420000 - 0x6f427000 	C:\Windows\system32\WSOCK32.dll
0x76350000 - 0x76385000 	C:\Windows\system32\WS2_32.dll
0x773d0000 - 0x773d6000 	C:\Windows\system32\NSI.dll
0x71c30000 - 0x71c62000 	C:\Windows\system32\WINMM.dll
0x75f40000 - 0x75f45000 	C:\Windows\system32\PSAPI.DLL
0x72fc0000 - 0x72fcc000 	C:\Program Files\Java\jre1.8.0_25\bin\verify.dll
0x72a90000 - 0x72ab1000 	C:\Program Files\Java\jre1.8.0_25\bin\java.dll
0x72ad0000 - 0x72ae3000 	C:\Program Files\Java\jre1.8.0_25\bin\zip.dll
0x6e130000 - 0x6e21b000 	C:\Windows\system32\dbghelp.dll

VM Arguments:
jvm_args: -Dfile.encoding=UTF-8 -Xbootclasspath:D:\用户目录\adt-bundle-windows-x86-20130917\sdk\platforms\android-18\android.jar 
java_command: test
java_class_path (initial): C:\Users\Administrator\workspace\myblog\bin\classes;C:\Users\Administrator\workspace\myblog\libs\android-support-v4.jar
Launcher Type: SUN_STANDARD

Environment Variables:
CLASSPATH=E:\LINGO12\Lingo12.jar
PATH=C:/Program Files/Java/jre1.8.0_25/bin/client;C:/Program Files/Java/jre1.8.0_25/bin;C:/Program Files/Java/jre1.8.0_25/lib/i386;C:\Program Files\Intel\iCLS Client\;C:\ProgramData\Oracle\Java\javapath;C:\Windows\system32;C:\Windows;C:\Windows\System32\Wbem;C:\Windows\System32\WindowsPowerShell\v1.0\;C:\MATLAB7\bin\win32;C:\Program Files\Microsoft SQL Server\100\Tools\Binn\;C:\Program Files\Microsoft SQL Server\100\DTS\Binn\;C:\Program Files\Microsoft SQL Server\100\Tools\Binn\VSShell\Common7\IDE\;C:\Program Files\Microsoft Visual Studio 9.0\Common7\IDE\PrivateAssemblies\;C:\Program Files\Intel\Intel(R) Management Engine Components\DAL;C:\Program Files\Intel\Intel(R) Management Engine Components\IPT;C:\Program Files\Rational\common;E:\LINGO12\;c:\Program Files\Mythware\e-Learning Class\;C:\Program Files\Microsoft Visual Studio\Common\Tools\WinNT;C:\Program Files\Microsoft Visual Studio\Common\MSDev98\Bin;C:\Program Files\Microsoft Visual Studio\Common\Tools;C:\Program Files\Microsoft Visual Studio\VC98\bin;D:\用户目录\adt-bundle-windows-x86-20130917\eclipse;
USERNAME=Administrator
OS=Windows_NT
PROCESSOR_IDENTIFIER=x86 Family 6 Model 58 Stepping 9, GenuineIntel



---------------  S Y S T E M  ---------------

OS: Windows 7 Build 7601 Service Pack 1

CPU:total 2 (2 cores per cpu, 1 threads per core) family 6 model 58 stepping 9, cmov, cx8, fxsr, mmx, sse, sse2, sse3, ssse3, sse4.1, sse4.2, popcnt, clmul, erms, tsc, tscinvbit, tscinv

Memory: 4k page, physical 3565672k(1477172k free), swap 7129592k(4399848k free)

vm_info: Java HotSpot(TM) Client VM (25.25-b02) for windows-x86 JRE (1.8.0_25-b18), built on Oct  7 2014 14:31:05 by "java_re" with MS VC++ 10.0 (VS2010)

time: Sat Jun 27 09:20:58 2015
elapsed time: 0 seconds (0d 0h 0m 0s)

